build/intermediates/manifest_merge_blame_file/release/manifest-merger-blame-release-report.txt
1<?xml version="1.0" encoding="utf-8"?>
2<manifest xmlns:android="http://schemas.android.com/apk/res/android"
3    package="com.studiosoapps.icdispatch"
4    android:versionCode="10"
5    android:versionName="5.9" >
6
7    <uses-sdk
8        android:minSdkVersion="1"
8-->src/main/AndroidManifest.xml
9        android:targetSdkVersion="29" />
9-->src/main/AndroidManifest.xml
10
11</manifest>